#
# An unexpected error has been detected by Java Runtime Environment:
#
#  Internal Error (classFileParser.cpp:2924), pid=3752, tid=3016
#  Error: ShouldNotReachHere()
#
# Java VM: Java HotSpot(TM) Client VM (10.0-b23 mixed mode windows-x86)
# If you would like to submit a bug report, please visit:
#   http://java.sun.com/webapps/bugreport/crash.jsp
#

---------------  T H R E A D  ---------------

Current thread (0x00395800):  JavaThread "Unknown thread" [_thread_in_vm, id=3016, stack(0x003b0000,0x00400000)]

Stack: [0x003b0000,0x00400000]

[error occurred during error reporting (printing native stack), id 0xc0000005]


---------------  P R O C E S S  ---------------

Java Threads: ( => current thread )

Other Threads:

=>0x00395800 (exited) JavaThread "Unknown thread" [_thread_in_vm, id=3016, stack(0x003b0000,0x00400000)]

VM state:not at safepoint (not fully initialized)

VM Mutex/Monitor currently owned by a thread: None

Dynamic libraries:
0x00400000 - 0x00423000 	C:\Program Files\Java\jre1.6.0_07\bin\javaw.exe
0x7c900000 - 0x7c9b0000 	C:\WINDOWS\system32\ntdll.dll
0x7c800000 - 0x7c8f5000 	C:\WINDOWS\system32\kernel32.dll
0x77dd0000 - 0x77e6b000 	C:\WINDOWS\system32\ADVAPI32.dll
0x77e70000 - 0x77f01000 	C:\WINDOWS\system32\RPCRT4.dll
0x7e410000 - 0x7e4a1000 	C:\WINDOWS\system32\USER32.dll
0x77f10000 - 0x77f57000 	C:\WINDOWS\system32\GDI32.dll
0x76390000 - 0x763ad000 	C:\WINDOWS\system32\IMM32.DLL
0x7c340000 - 0x7c396000 	C:\Program Files\Java\jre1.6.0_07\bin\msvcr71.dll
0x6d7c0000 - 0x6da10000 	C:\Program Files\Java\jre1.6.0_07\bin\client\jvm.dll
0x76b40000 - 0x76b6d000 	C:\WINDOWS\system32\WINMM.dll
0x6d270000 - 0x6d278000 	C:\Program Files\Java\jre1.6.0_07\bin\hpi.dll
0x76bf0000 - 0x76bfb000 	C:\WINDOWS\system32\PSAPI.DLL
0x6d770000 - 0x6d77c000 	C:\Program Files\Java\jre1.6.0_07\bin\verify.dll
0x6d310000 - 0x6d32f000 	C:\Program Files\Java\jre1.6.0_07\bin\java.dll
0x6d7b0000 - 0x6d7bf000 	C:\Program Files\Java\jre1.6.0_07\bin\zip.dll

VM Arguments:
jvm_args: -Dfile.encoding=Cp1252 -Xbootclasspath:C:\android-sdk-windows-1.6_r1\platforms\android-1.6\android.jar 
java_command: com.lifenow.daypi.APIHelper
Launcher Type: SUN_STANDARD

Environment Variables:
JAVA_HOME=c:\java
CLASSPATH=.;C:\Program Files\Java\jre1.6.0_07\lib\ext\QTJava.zip
PATH=C:/Program Files/Java/jre6/bin/client;C:/Program Files/Java/jre6/bin;C:\WINDOWS\system32;C:\WINDOWS;C:\WINDOWS\System32\Wbem;C:\Program Files\QuickTime\QTSystem\;C:\Program Files\TortoiseSVN\bin;C:\WINDOWS\system32;C:\WINDOWS;C:\WINDOWS\System32\Wbem;C:\Program Files\QuickTime\QTSystem\;C:\Program Files\TortoiseSVN\bin;c:\android-sdk-windows-1.6_r1\tools;c:\java\bin
USERNAME=Admin
OS=Windows_NT
PROCESSOR_IDENTIFIER=x86 Family 15 Model 76 Stepping 2, AuthenticAMD



---------------  S Y S T E M  ---------------

OS: Windows XP Build 2600 Service Pack 2

CPU:total 1 (1 cores per cpu, 1 threads per core) family 15 model 76 stepping 2, cmov, cx8, fxsr, mmx, sse, sse2, sse3, mmxext, 3dnow, 3dnowext

Memory: 4k page, physical 2097151k(1597428k free), swap 4194303k(3734692k free)

vm_info: Java HotSpot(TM) Client VM (10.0-b23) for windows-x86 JRE (1.6.0_07-b06), built on Jun 10 2008 01:14:11 by "java_re" with MS VC++ 7.1

time: Thu Oct 01 08:09:28 2009
elapsed time: 0 seconds

